<?xml version="1.0" encoding="UTF-8"?>
<!-- Generated by org.testng.reporters.JUnitReportReporter -->
<testsuite skipped="0" hostname="Win10" name="corporatesite.testcases.TC08VerfiyHomePageAboutCompanyReadMoreBtnOnClick" tests="1" failures="0" timestamp="27 Jan 2021 08:30:23 GMT" time="58.878" errors="0">
  <testcase name="verfiyHomePageAboutCompanyReadMoreBtnOnClick_TC08" time="58.878" classname="corporatesite.testcases.TC08VerfiyHomePageAboutCompanyReadMoreBtnOnClick"/>
</testsuite> <!-- corporatesite.testcases.TC08VerfiyHomePageAboutCompanyReadMoreBtnOnClick -->
