<?xml version="1.0" encoding="UTF-8"?>
<!-- Generated by org.testng.reporters.JUnitReportReporter -->
<testsuite skipped="0" hostname="Win10" name="corporatesite.testcases.TC24VerifybusinessintelligencVldMsg" tests="1" failures="0" timestamp="18 Jan 2021 10:56:22 GMT" time="93.976" errors="0">
  <testcase name="verifyVerifybusinessintelligencmVldMsg__TC24" time="93.976" classname="corporatesite.testcases.TC24VerifybusinessintelligencVldMsg"/>
</testsuite> <!-- corporatesite.testcases.TC24VerifybusinessintelligencVldMsg -->
