<?xml version="1.0" encoding="UTF-8"?>
<!-- Generated by org.testng.reporters.JUnitReportReporter -->
<testsuite skipped="0" hostname="Win10" name="corporatesite.testcases.TC09VerifyHomePageServices" tests="1" failures="0" timestamp="28 Jan 2021 09:37:47 GMT" time="79.014" errors="0">
  <testcase name="verifyHomePageBestServices_TC09" time="79.014" classname="corporatesite.testcases.TC09VerifyHomePageServices"/>
</testsuite> <!-- corporatesite.testcases.TC09VerifyHomePageServices -->
