<?xml version="1.0" encoding="UTF-8"?>
<!-- Generated by org.testng.reporters.JUnitReportReporter -->
<testsuite skipped="0" hostname="Win10" name="corporatesite.testcases.VerifyProcessautomation_SharepointinfopatPage" tests="1" failures="0" timestamp="18 Jan 2021 10:56:22 GMT" time="23.455" errors="0">
  <testcase name="verifyoboticprocessautomationVldMsg_TC39" time="23.455" classname="corporatesite.testcases.VerifyProcessautomation_SharepointinfopatPage"/>
</testsuite> <!-- corporatesite.testcases.VerifyProcessautomation_SharepointinfopatPage -->
