<?xml version="1.0" encoding="UTF-8"?>
<!-- Generated by org.testng.reporters.JUnitReportReporter -->
<testsuite skipped="0" hostname="Win10" name="corporatesite.testcases.TC46VerifyProcessautomation_SharepointinfopatPage" tests="1" failures="0" timestamp="21 Jan 2021 13:32:02 GMT" time="76.353" errors="0">
  <testcase name="verifyinfopatinfopatVldMsg_TC39" time="76.353" classname="corporatesite.testcases.TC46VerifyProcessautomation_SharepointinfopatPage"/>
</testsuite> <!-- corporatesite.testcases.TC46VerifyProcessautomation_SharepointinfopatPage -->
