<?xml version="1.0" encoding="UTF-8"?>
<!-- Generated by org.testng.reporters.JUnitReportReporter -->
<testsuite skipped="0" hostname="Win10" name="corporatesite.testcases.ApplicationDevelopementMigrationPage" tests="1" failures="0" timestamp="18 Jan 2021 10:56:22 GMT" time="40.808" errors="0">
  <testcase name="verifyContactUs_TC01" time="40.808" classname="corporatesite.testcases.ApplicationDevelopementMigrationPage"/>
</testsuite> <!-- corporatesite.testcases.ApplicationDevelopementMigrationPage -->
