<?xml version="1.0" encoding="UTF-8"?>
<!-- Generated by org.testng.reporters.JUnitReportReporter -->
<testsuite skipped="0" hostname="Win10" name="corporatesite.testcases.TC02VerifyContactUSFormVldMsg" tests="1" failures="0" timestamp="27 Jan 2021 08:30:23 GMT" time="35.735" errors="0">
  <testcase name="verifyContactUSFormVldMsg_TC02" time="35.735" classname="corporatesite.testcases.TC02VerifyContactUSFormVldMsg"/>
</testsuite> <!-- corporatesite.testcases.TC02VerifyContactUSFormVldMsg -->
