<?xml version="1.0" encoding="UTF-8"?>
<!-- Generated by org.testng.reporters.JUnitReportReporter -->
<testsuite skipped="0" hostname="NGSLAPTOP58" name="corporatesite.testcases.TC26VerifyServiceEnterPriseBCVideo" tests="1" failures="0" timestamp="20 Jan 2021 12:47:41 GMT" time="5.048" errors="0">
  <testcase name="verifyServiceEnterPriseBCVideo_TC26" time="5.048" classname="corporatesite.testcases.TC26VerifyServiceEnterPriseBCVideo"/>
</testsuite> <!-- corporatesite.testcases.TC26VerifyServiceEnterPriseBCVideo -->
