<?xml version="1.0" encoding="UTF-8"?>
<!-- Generated by org.testng.reporters.JUnitReportReporter -->
<testsuite skipped="0" hostname="Win10" name="corporatesite.testcases.TC42VerifyProcessautomation_powerplatform" tests="1" failures="0" timestamp="21 Jan 2021 11:23:43 GMT" time="43.238" errors="0">
  <testcase name="verifyProcessautomation_powerplatform_TC39" time="43.238" classname="corporatesite.testcases.TC42VerifyProcessautomation_powerplatform"/>
</testsuite> <!-- corporatesite.testcases.TC42VerifyProcessautomation_powerplatform -->
