<?xml version="1.0" encoding="UTF-8"?>
<!-- Generated by org.testng.reporters.JUnitReportReporter -->
<testsuite skipped="0" hostname="Win10" name="corporatesite.testcases.TC45ApplicationDevelopementPageFieldVld" tests="1" failures="0" timestamp="22 Jan 2021 09:51:24 GMT" time="107.903" errors="0">
  <testcase name="verifyApplicationDevelopementfieldVldTC45" time="107.903" classname="corporatesite.testcases.TC45ApplicationDevelopementPageFieldVld"/>
</testsuite> <!-- corporatesite.testcases.TC45ApplicationDevelopementPageFieldVld -->
