<?xml version="1.0" encoding="UTF-8"?>
<!-- Generated by org.testng.reporters.JUnitReportReporter -->
<testsuite skipped="0" hostname="Win10" name="corporatesite.testcases.TC33VerfiyManagesupport_cloudFieldVld" tests="1" failures="0" timestamp="18 Jan 2021 10:56:22 GMT" time="57.534" errors="0">
  <testcase name="verifycloudFieldVld_TC33" time="57.534" classname="corporatesite.testcases.TC33VerfiyManagesupport_cloudFieldVld"/>
</testsuite> <!-- corporatesite.testcases.TC33VerfiyManagesupport_cloudFieldVld -->
