<?xml version="1.0" encoding="UTF-8"?>
<!-- Generated by org.testng.reporters.JUnitReportReporter -->
<testsuite skipped="0" hostname="Win10" name="corporatesite.testcases.TC20VerifySolutionPageIntranetSolution" tests="1" failures="0" timestamp="28 Jan 2021 11:06:06 GMT" time="33.474" errors="0">
  <testcase name="verifySolutionPageIntranetSolution_TC20" time="33.474" classname="corporatesite.testcases.TC20VerifySolutionPageIntranetSolution"/>
</testsuite> <!-- corporatesite.testcases.TC20VerifySolutionPageIntranetSolution -->
