<?xml version="1.0" encoding="UTF-8"?>
<!-- Generated by org.testng.reporters.JUnitReportReporter -->
<testsuite skipped="0" hostname="Win10" name="corporatesite.testcases.TC44ToverifypPro_Aut_SharepointworkflowVldMsg" tests="1" failures="0" timestamp="18 Jan 2021 14:56:26 GMT" time="29.384" errors="0">
  <testcase name="verifyoboticprocessautomationVldMsg_TC39" time="29.384" classname="corporatesite.testcases.TC44ToverifypPro_Aut_SharepointworkflowVldMsg"/>
</testsuite> <!-- corporatesite.testcases.TC44ToverifypPro_Aut_SharepointworkflowVldMsg -->
