<?xml version="1.0" encoding="UTF-8"?>
<!-- Generated by org.testng.reporters.JUnitReportReporter -->
<testsuite skipped="0" hostname="Win10" name="corporatesite.testcases.TC23VerifybusinessintelligencePage" tests="1" failures="0" timestamp="18 Jan 2021 10:56:22 GMT" time="22.941" errors="0">
  <testcase name="verifybusinessintelligencePage_TC24" time="22.941" classname="corporatesite.testcases.TC23VerifybusinessintelligencePage"/>
</testsuite> <!-- corporatesite.testcases.TC23VerifybusinessintelligencePage -->
