<?xml version="1.0" encoding="UTF-8"?>
<!-- Generated by org.testng.reporters.JUnitReportReporter -->
<testsuite skipped="0" hostname="Win10" name="corporatesite.testcases.TC40VerifyProAut_NintexAutoformvldmsg" tests="1" failures="0" timestamp="22 Jan 2021 14:19:01 GMT" time="35.059" errors="0">
  <testcase name="verifyNintexAutoformvdMsg_TC39" time="35.059" classname="corporatesite.testcases.TC40VerifyProAut_NintexAutoformvldmsg"/>
</testsuite> <!-- corporatesite.testcases.TC40VerifyProAut_NintexAutoformvldmsg -->
