<?xml version="1.0" encoding="UTF-8"?>
<!-- Generated by org.testng.reporters.JUnitReportReporter -->
<testsuite skipped="0" hostname="NGSLAPTOP58" name="corporatesite.testcases.TC27VerifyServiceEnterPriseBCFormVld" tests="1" failures="0" timestamp="20 Jan 2021 12:47:41 GMT" time="82.011" errors="0">
  <testcase name="verifyServiceEnterPriseBCFormVld_TC27" time="82.011" classname="corporatesite.testcases.TC27VerifyServiceEnterPriseBCFormVld"/>
</testsuite> <!-- corporatesite.testcases.TC27VerifyServiceEnterPriseBCFormVld -->
