<?xml version="1.0" encoding="UTF-8"?>
<!-- Generated by org.testng.reporters.JUnitReportReporter -->
<testsuite skipped="0" hostname="Win10" name="corporatesite.testcases.TC44ToverifypPro_Aut_SharepointworkflowFielddVld" tests="1" failures="0" timestamp="18 Jan 2021 14:56:25 GMT" time="57.505" errors="0">
  <testcase name="verifyoboticprocessautomationVldMsg_TC39" time="57.505" classname="corporatesite.testcases.TC44ToverifypPro_Aut_SharepointworkflowFielddVld"/>
</testsuite> <!-- corporatesite.testcases.TC44ToverifypPro_Aut_SharepointworkflowFielddVld -->
