<?xml version="1.0" encoding="UTF-8"?>
<!-- Generated by org.testng.reporters.JUnitReportReporter -->
<testsuite skipped="0" hostname="Win10" name="corporatesite.testcases.TC63VerifyAmazonWebServicesContactUs" tests="1" failures="0" timestamp="27 Jan 2021 12:04:27 GMT" time="86.271" errors="0">
  <testcase name="VerifyAmazonWebServicesContactUs" time="86.271" classname="corporatesite.testcases.TC63VerifyAmazonWebServicesContactUs"/>
</testsuite> <!-- corporatesite.testcases.TC63VerifyAmazonWebServicesContactUs -->
