<?xml version="1.0" encoding="UTF-8"?>
<!-- Generated by org.testng.reporters.JUnitReportReporter -->
<testsuite skipped="0" hostname="Win10" name="corporatesite.testcases.TC25VerfiybusinessintelligenceForm" tests="1" failures="0" timestamp="18 Jan 2021 10:56:22 GMT" time="41.646" errors="0">
  <testcase name="verifyusinessintelligenceForm_TC24" time="41.646" classname="corporatesite.testcases.TC25VerfiybusinessintelligenceForm"/>
</testsuite> <!-- corporatesite.testcases.TC25VerfiybusinessintelligenceForm -->
