<?xml version="1.0" encoding="UTF-8"?>
<!-- Generated by org.testng.reporters.JUnitReportReporter -->
<testsuite skipped="0" hostname="Win10" name="corporatesite.testcases.TC35VerifyAboutUsClickContactUs" tests="1" failures="0" timestamp="25 Jan 2021 12:37:31 GMT" time="16.546" errors="0">
  <testcase name="verifyContactUs_TC20" time="16.546" classname="corporatesite.testcases.TC35VerifyAboutUsClickContactUs"/>
</testsuite> <!-- corporatesite.testcases.TC35VerifyAboutUsClickContactUs -->
