<?xml version="1.0" encoding="UTF-8"?>
<!-- Generated by org.testng.reporters.JUnitReportReporter -->
<testsuite skipped="0" hostname="Win10" name="corporatesite.testcases.TC13VerifyHomePageContactUsFormVld" tests="1" failures="0" timestamp="27 Jan 2021 08:30:23 GMT" time="68.103" errors="0">
  <testcase name="verifyHomePageContactUsFormVld_TC13" time="68.103" classname="corporatesite.testcases.TC13VerifyHomePageContactUsFormVld"/>
</testsuite> <!-- corporatesite.testcases.TC13VerifyHomePageContactUsFormVld -->
