<?xml version="1.0" encoding="UTF-8"?>
<!-- Generated by org.testng.reporters.JUnitReportReporter -->
<testsuite skipped="0" hostname="NGSLAPTOP58" name="corporatesite.testcases.TC30VerifyServiceEnterPriseMicrosoftSPFormVld" tests="1" failures="0" timestamp="20 Jan 2021 12:47:42 GMT" time="72.938" errors="0">
  <testcase name="verifyServiceEnterPriseMicrosoftSPFormVld_TC30" time="72.938" classname="corporatesite.testcases.TC30VerifyServiceEnterPriseMicrosoftSPFormVld"/>
</testsuite> <!-- corporatesite.testcases.TC30VerifyServiceEnterPriseMicrosoftSPFormVld -->
