<?xml version="1.0" encoding="UTF-8"?>
<!-- Generated by org.testng.reporters.JUnitReportReporter -->
<testsuite skipped="0" hostname="NGSLAPTOP60" name="corporatesite.testcases.VerifyMicrosoft365ContactUs" tests="1" failures="0" timestamp="14 Jan 2021 13:16:41 GMT" time="159.355" errors="0">
  <testcase name="VerifyMicrosoft365ContactUs1" time="159.355" classname="corporatesite.testcases.VerifyMicrosoft365ContactUs"/>
</testsuite> <!-- corporatesite.testcases.VerifyMicrosoft365ContactUs -->
