<?xml version="1.0" encoding="UTF-8"?>
<!-- Generated by org.testng.reporters.JUnitReportReporter -->
<testsuite skipped="0" hostname="Win10" name="corporatesite.testcases.TC47ApplicationDevelopementverifySPmigtrationVldMsg" tests="1" failures="0" timestamp="22 Jan 2021 10:25:28 GMT" time="306.114" errors="0">
  <testcase name="verifyApplicationDevelopementPage_TC45" time="306.114" classname="corporatesite.testcases.TC47ApplicationDevelopementverifySPmigtrationVldMsg"/>
</testsuite> <!-- corporatesite.testcases.TC47ApplicationDevelopementverifySPmigtrationVldMsg -->
