<?xml version="1.0" encoding="UTF-8"?>
<!-- Generated by org.testng.reporters.JUnitReportReporter -->
<testsuite skipped="0" hostname="Win10" name="corporatesite.testcases.TC48VerifyResource_NewsRoomPageClickNews" tests="1" failures="0" timestamp="25 Jan 2021 12:37:31 GMT" time="27.788" errors="0">
  <testcase name="verifyClickNews_TC48" time="27.788" classname="corporatesite.testcases.TC48VerifyResource_NewsRoomPageClickNews"/>
</testsuite> <!-- corporatesite.testcases.TC48VerifyResource_NewsRoomPageClickNews -->
