<?xml version="1.0" encoding="UTF-8"?>
<!-- Generated by org.testng.reporters.JUnitReportReporter -->
<testsuite skipped="0" hostname="NGSLAPTOP58" name="corporatesite.testcases.TC31VerifyServiceEnterPriseMicrosoftSPForm" tests="1" failures="0" timestamp="20 Jan 2021 12:47:42 GMT" time="55.769" errors="0">
  <testcase name="verifyServiceEnterPriseMicrosoftSPForm_TC31" time="55.769" classname="corporatesite.testcases.TC31VerifyServiceEnterPriseMicrosoftSPForm"/>
</testsuite> <!-- corporatesite.testcases.TC31VerifyServiceEnterPriseMicrosoftSPForm -->
