<?xml version="1.0" encoding="UTF-8"?>
<!-- Generated by org.testng.reporters.JUnitReportReporter -->
<testsuite skipped="0" hostname="Win10" name="corporatesite.testcases.TC10VerfiyHomePageIntranetSolutionBtn" tests="1" failures="0" timestamp="28 Jan 2021 09:37:47 GMT" time="24.150" errors="0">
  <testcase name="verfiyHomePageIntranetSolutionBtn_TC10" time="24.150" classname="corporatesite.testcases.TC10VerfiyHomePageIntranetSolutionBtn"/>
</testsuite> <!-- corporatesite.testcases.TC10VerfiyHomePageIntranetSolutionBtn -->
