<?xml version="1.0" encoding="UTF-8"?>
<!-- Generated by org.testng.reporters.JUnitReportReporter -->
<testsuite skipped="0" hostname="Win10" name="corporatesite.testcases.TC38VerifyManageSupport_SharepointVldMsg" tests="1" failures="0" timestamp="21 Jan 2021 09:55:15 GMT" time="32.301" errors="0">
  <testcase name="verifyManagesupportSharepointVldMsg_TC38" time="32.301" classname="corporatesite.testcases.TC38VerifyManageSupport_SharepointVldMsg"/>
</testsuite> <!-- corporatesite.testcases.TC38VerifyManageSupport_SharepointVldMsg -->
