<?xml version="1.0" encoding="UTF-8"?>
<!-- Generated by org.testng.reporters.JUnitReportReporter -->
<testsuite skipped="0" hostname="Win10" name="corporatesite.testcases.TC43VerifyProAut_Roboticprocessautomationform" tests="1" failures="0" timestamp="25 Jan 2021 12:37:31 GMT" time="41.430" errors="0">
  <testcase name="verifyoboticprocessautomationform_TC39" time="41.430" classname="corporatesite.testcases.TC43VerifyProAut_Roboticprocessautomationform"/>
</testsuite> <!-- corporatesite.testcases.TC43VerifyProAut_Roboticprocessautomationform -->
