<?xml version="1.0" encoding="UTF-8"?>
<!-- Generated by org.testng.reporters.JUnitReportReporter -->
<testsuite skipped="0" hostname="Win10" name="corporatesite.testcases.TC31VerifyResource_NewsRoomPageClickNews" tests="1" failures="0" timestamp="18 Jan 2021 10:56:22 GMT" time="27.594" errors="0">
  <testcase name="verifyWhitepage_TC01" time="27.594" classname="corporatesite.testcases.TC31VerifyResource_NewsRoomPageClickNews"/>
</testsuite> <!-- corporatesite.testcases.TC31VerifyResource_NewsRoomPageClickNews -->
