<?xml version="1.0" encoding="UTF-8"?>
<!-- Generated by org.testng.reporters.JUnitReportReporter -->
<testsuite hostname="kirti" failures="0" tests="1" name="corporatesite.testcases.TC49VerifyPhoneNumber" time="14.754" errors="0" timestamp="05 Feb 2021 10:16:17 GMT" skipped="0">
  <testcase classname="corporatesite.testcases.TC49VerifyPhoneNumber" name="VerifyPhoneNumber" time="14.754"/>
</testsuite> <!-- corporatesite.testcases.TC49VerifyPhoneNumber -->
