<?xml version="1.0" encoding="UTF-8"?>
<!-- Generated by org.testng.reporters.JUnitReportReporter -->
<testsuite skipped="0" hostname="Win10" name="corporatesite.testcases.TC11VerifyHomePageCaseStudieDownloadFormVldMsg" tests="1" failures="0" timestamp="28 Jan 2021 09:37:47 GMT" time="56.858" errors="0">
  <testcase name="verifyHomePageCaseStudieDownloadFormVldMsg_TC11" time="56.858" classname="corporatesite.testcases.TC11VerifyHomePageCaseStudieDownloadFormVldMsg"/>
</testsuite> <!-- corporatesite.testcases.TC11VerifyHomePageCaseStudieDownloadFormVldMsg -->
