<?xml version="1.0" encoding="UTF-8"?>
<!-- Generated by org.testng.reporters.JUnitReportReporter -->
<testsuite skipped="0" hostname="Win10" name="corporatesite.testcases.TC38VerfiyManageSupport_SharepointFieldVld" tests="1" failures="0" timestamp="21 Jan 2021 10:42:17 GMT" time="2.044" errors="0">
  <testcase name="verifyManagesupportfieldvld_TC01" time="2.044" classname="corporatesite.testcases.TC38VerfiyManageSupport_SharepointFieldVld"/>
</testsuite> <!-- corporatesite.testcases.TC38VerfiyManageSupport_SharepointFieldVld -->
