<?xml version="1.0" encoding="UTF-8"?>
<!-- Generated by org.testng.reporters.JUnitReportReporter -->
<testsuite skipped="0" hostname="Win10" name="corporatesite.testcases.TC36VerifybusinessintelligenceFieldVld" tests="1" failures="0" timestamp="20 Jan 2021 14:03:09 GMT" time="96.935" errors="0">
  <testcase name="verifyVerifybusinessintelligencFieldVld_TC05" time="96.935" classname="corporatesite.testcases.TC36VerifybusinessintelligenceFieldVld"/>
</testsuite> <!-- corporatesite.testcases.TC36VerifybusinessintelligenceFieldVld -->
