<?xml version="1.0" encoding="UTF-8"?>
<!-- Generated by org.testng.reporters.JUnitReportReporter -->
<testsuite skipped="0" hostname="Win10" name="corporatesite.testcases.TC36VerifybusinessintelligencePage" tests="4" failures="0" timestamp="25 Jan 2021 06:56:35 GMT" time="30.288" errors="0">
  <testcase name="verifybusinessintelligencePage_TC36" time="2.718" classname="corporatesite.testcases.TC36VerifybusinessintelligencePage"/>
  <testcase name="verifybusinessintelligencePage_TC36" time="22.145" classname="corporatesite.testcases.TC36VerifybusinessintelligencePage"/>
  <testcase name="verifybusinessintelligencePage_TC36" time="2.750" classname="corporatesite.testcases.TC36VerifybusinessintelligencePage"/>
  <testcase name="verifybusinessintelligencePage_TC36" time="2.675" classname="corporatesite.testcases.TC36VerifybusinessintelligencePage"/>
</testsuite> <!-- corporatesite.testcases.TC36VerifybusinessintelligencePage -->
