<?xml version="1.0" encoding="UTF-8"?>
<!-- Generated by org.testng.reporters.JUnitReportReporter -->
<testsuite skipped="0" hostname="Win10" name="corporatesite.testcases.TC39VerfiyManagesupport_cloudFieldVld" tests="1" failures="0" timestamp="25 Jan 2021 12:37:31 GMT" time="61.782" errors="0">
  <testcase name="verifycloudFieldVld_TC33" time="61.782" classname="corporatesite.testcases.TC39VerfiyManagesupport_cloudFieldVld"/>
</testsuite> <!-- corporatesite.testcases.TC39VerfiyManagesupport_cloudFieldVld -->
