<?xml version="1.0" encoding="UTF-8"?>
<!-- Generated by org.testng.reporters.JUnitReportReporter -->
<testsuite skipped="0" hostname="Win10" name="corporatesite.testcases.TC42VerifyProcessautomation_powerplatformfieldvld" tests="1" failures="0" timestamp="21 Jan 2021 11:23:43 GMT" time="59.328" errors="0">
  <testcase name="verifyrocessautomation_powerplatformfieldvld_TC39" time="59.328" classname="corporatesite.testcases.TC42VerifyProcessautomation_powerplatformfieldvld"/>
</testsuite> <!-- corporatesite.testcases.TC42VerifyProcessautomation_powerplatformfieldvld -->
