<?xml version="1.0" encoding="UTF-8"?>
<!-- Generated by org.testng.reporters.JUnitReportReporter -->
<testsuite skipped="0" hostname="NGSLAPTOP58" name="corporatesite.testcases.TC33VerifyServiceEnterPriseServiceNowFormVld" tests="1" failures="0" timestamp="20 Jan 2021 12:47:41 GMT" time="78.976" errors="0">
  <testcase name="verifyServiceEnterPriseServiceNowFormVld_TC33" time="78.976" classname="corporatesite.testcases.TC33VerifyServiceEnterPriseServiceNowFormVld"/>
</testsuite> <!-- corporatesite.testcases.TC33VerifyServiceEnterPriseServiceNowFormVld -->
