<?xml version="1.0" encoding="UTF-8"?>
<!-- Generated by org.testng.reporters.JUnitReportReporter -->
<testsuite skipped="0" hostname="Win10" name="corporatesite.testcases.TC40VerifyProAut_NintexAutoPage" tests="1" failures="0" timestamp="24 Jan 2021 07:09:36 GMT" time="36.356" errors="0">
  <testcase name="verifyProAut_NintexAutoPagE_TC39" time="36.356" classname="corporatesite.testcases.TC40VerifyProAut_NintexAutoPage"/>
</testsuite> <!-- corporatesite.testcases.TC40VerifyProAut_NintexAutoPage -->
