<?xml version="1.0" encoding="UTF-8"?>
<!-- Generated by org.testng.reporters.JUnitReportReporter -->
<testsuite skipped="0" hostname="Win10" name="corporatesite.testcases.TC61VerifyMicrosoftAzureContactUs" tests="1" failures="0" timestamp="27 Jan 2021 12:04:27 GMT" time="74.381" errors="0">
  <testcase name="VerifyMicrosoftAzureValidationMsg" time="74.381" classname="corporatesite.testcases.TC61VerifyMicrosoftAzureContactUs"/>
</testsuite> <!-- corporatesite.testcases.TC61VerifyMicrosoftAzureContactUs -->
