<?xml version="1.0" encoding="UTF-8"?>
<!-- Generated by org.testng.reporters.JUnitReportReporter -->
<testsuite skipped="0" hostname="Win10" name="corporatesite.testcases.TC44ToverifypPro_Aut_SharepointworfklowPage" tests="1" failures="0" timestamp="18 Jan 2021 14:56:25 GMT" time="19.260" errors="0">
  <testcase name="verifyoboticprocessautomationPage_TC39" time="19.260" classname="corporatesite.testcases.TC44ToverifypPro_Aut_SharepointworfklowPage"/>
</testsuite> <!-- corporatesite.testcases.TC44ToverifypPro_Aut_SharepointworfklowPage -->
