<?xml version="1.0" encoding="UTF-8"?>
<!-- Generated by org.testng.reporters.JUnitReportReporter -->
<testsuite skipped="0" hostname="NGSLAPTOP58" name="corporatesite.testcases.TC21VerifyServiceEnterPriseDynamicPage" tests="1" failures="0" timestamp="20 Jan 2021 12:47:41 GMT" time="30.428" errors="0">
  <testcase name="verifyServiceEnterPriseDynamicPage_TC21" time="30.428" classname="corporatesite.testcases.TC21VerifyServiceEnterPriseDynamicPage"/>
</testsuite> <!-- corporatesite.testcases.TC21VerifyServiceEnterPriseDynamicPage -->
