<?xml version="1.0" encoding="UTF-8"?>
<!-- Generated by org.testng.reporters.JUnitReportReporter -->
<testsuite skipped="0" hostname="Win10" name="corporatesite.testcases.TC35VerfiyManagesupport_cloudForm" tests="1" failures="0" timestamp="18 Jan 2021 10:56:22 GMT" time="41.624" errors="0">
  <testcase name="verifyContactUs_TC35" time="41.624" classname="corporatesite.testcases.TC35VerfiyManagesupport_cloudForm"/>
</testsuite> <!-- corporatesite.testcases.TC35VerfiyManagesupport_cloudForm -->
