<?xml version="1.0" encoding="UTF-8"?>
<!-- Generated by org.testng.reporters.JUnitReportReporter -->
<testsuite skipped="0" hostname="Win10" name="corporatesite.testcases.TC41VerifyProAut_ShaepointWFPage" tests="1" failures="0" timestamp="13 Jan 2021 10:41:21 GMT" time="50.246" errors="0">
  <testcase name="verifyContactUs_TC39" time="50.246" classname="corporatesite.testcases.TC41VerifyProAut_ShaepointWFPage"/>
</testsuite> <!-- corporatesite.testcases.TC41VerifyProAut_ShaepointWFPage -->
