<?xml version="1.0" encoding="UTF-8"?>
<!-- Generated by org.testng.reporters.JUnitReportReporter -->
<testsuite skipped="0" hostname="Win10" name="corporatesite.testcases.TC38ManageSupport_DatabaseformVldMsg" tests="1" failures="0" timestamp="16 Jan 2021 12:15:10 GMT" time="29.803" errors="0">
  <testcase name="verifyManageSupport_DatabaseformVldMsg_TC37" time="29.803" classname="corporatesite.testcases.TC38ManageSupport_DatabaseformVldMsg"/>
</testsuite> <!-- corporatesite.testcases.TC38ManageSupport_DatabaseformVldMsg -->
