<?xml version="1.0" encoding="UTF-8"?>
<!-- Generated by org.testng.reporters.JUnitReportReporter -->
<testsuite skipped="0" hostname="Win10" name="corporatesite.testcases.Mobile04VerifybusinessintelligencePage" tests="1" failures="0" timestamp="20 Jan 2021 12:03:05 GMT" time="99.834" errors="0">
  <testcase name="verifybusinessintelligencePage_TC24" time="99.834" classname="corporatesite.testcases.Mobile04VerifybusinessintelligencePage"/>
</testsuite> <!-- corporatesite.testcases.Mobile04VerifybusinessintelligencePage -->
