<?xml version="1.0" encoding="UTF-8"?>
<!-- Generated by org.testng.reporters.JUnitReportReporter -->
<testsuite skipped="0" hostname="Win10" name="corporatesite.testcases.TC42VerifyProcessautomation_powerplatformPage" tests="1" failures="0" timestamp="21 Jan 2021 11:23:43 GMT" time="18.432" errors="0">
  <testcase name="verifyProcessautomation_powerplatformPage_TC39" time="18.432" classname="corporatesite.testcases.TC42VerifyProcessautomation_powerplatformPage"/>
</testsuite> <!-- corporatesite.testcases.TC42VerifyProcessautomation_powerplatformPage -->
