<?xml version="1.0" encoding="UTF-8"?>
<!-- Generated by org.testng.reporters.JUnitReportReporter -->
<testsuite skipped="0" hostname="Win10" name="corporatesite.testcases.TC47ApplicationDevelopementMigrationPage" tests="1" failures="0" timestamp="22 Jan 2021 10:17:38 GMT" time="88.409" errors="0">
  <testcase name="verifyContactUs_TC01" time="88.409" classname="corporatesite.testcases.TC47ApplicationDevelopementMigrationPage"/>
</testsuite> <!-- corporatesite.testcases.TC47ApplicationDevelopementMigrationPage -->
