<?xml version="1.0" encoding="UTF-8"?>
<!-- Generated by org.testng.reporters.JUnitReportReporter -->
<testsuite skipped="0" hostname="NGSLAPTOP58" name="corporatesite.testcases.TC28VerifyServiceEnterPriseBCForm" tests="1" failures="0" timestamp="20 Jan 2021 12:47:41 GMT" time="65.758" errors="0">
  <testcase name="verifyServiceEnterPriseBCForm_TC28" time="65.758" classname="corporatesite.testcases.TC28VerifyServiceEnterPriseBCForm"/>
</testsuite> <!-- corporatesite.testcases.TC28VerifyServiceEnterPriseBCForm -->
