<?xml version="1.0" encoding="UTF-8"?>
<!-- Generated by org.testng.reporters.JUnitReportReporter -->
<testsuite skipped="1" hostname="Win10" name="corporatesite.testcases.TC05VerifyContactUsFieldVld" tests="1" failures="0" timestamp="28 Jan 2021 05:47:43 GMT" time="0.000" errors="0">
  <testcase name="verifyContactUsFieldVld_TC05" time="0.000" classname="corporatesite.testcases.TC05VerifyContactUsFieldVld">
    <skipped/>
  </testcase> <!-- verifyContactUsFieldVld_TC05 -->
</testsuite> <!-- corporatesite.testcases.TC05VerifyContactUsFieldVld -->
