<?xml version="1.0" encoding="UTF-8"?>
<!-- Generated by org.testng.reporters.JUnitReportReporter -->
<testsuite skipped="0" hostname="Win10" name="corporatesite.testcases.TC36VerfiybusinessintelligenceForm" tests="1" failures="0" timestamp="20 Jan 2021 14:03:09 GMT" time="43.347" errors="0">
  <testcase name="verifyusinessintelligenceForm_TC24" time="43.347" classname="corporatesite.testcases.TC36VerfiybusinessintelligenceForm"/>
</testsuite> <!-- corporatesite.testcases.TC36VerfiybusinessintelligenceForm -->
