<?xml version="1.0" encoding="UTF-8"?>
<!-- Generated by org.testng.reporters.JUnitReportReporter -->
<testsuite skipped="0" hostname="Win10" name="corporatesite.testcases.TC17VerifyCareerPageSalesMarketing" tests="1" failures="0" timestamp="28 Jan 2021 10:22:58 GMT" time="43.077" errors="0">
  <testcase name="verifyCareerPageSalesMarketing_TC17" time="43.077" classname="corporatesite.testcases.TC17VerifyCareerPageSalesMarketing"/>
</testsuite> <!-- corporatesite.testcases.TC17VerifyCareerPageSalesMarketing -->
