<?xml version="1.0" encoding="UTF-8"?>
<!-- Generated by org.testng.reporters.JUnitReportReporter -->
<testsuite skipped="0" hostname="NGSLAPTOP60" name="corporatesite.testcases.VerifyMicrosoftAzureContactUs" tests="1" failures="0" timestamp="14 Jan 2021 10:21:31 GMT" time="142.126" errors="0">
  <testcase name="VerifyMicrosoftAzureValidationMsg1" time="142.126" classname="corporatesite.testcases.VerifyMicrosoftAzureContactUs"/>
</testsuite> <!-- corporatesite.testcases.VerifyMicrosoftAzureContactUs -->
