<?xml version="1.0" encoding="UTF-8"?>
<!-- Generated by org.testng.reporters.JUnitReportReporter -->
<testsuite skipped="0" hostname="Win10" name="corporatesite.testcases.TC07VerifyHomePageMenu" tests="1" failures="0" timestamp="27 Jan 2021 08:30:23 GMT" time="103.098" errors="0">
  <testcase name="verifyHomePageMenu_TC07" time="103.098" classname="corporatesite.testcases.TC07VerifyHomePageMenu"/>
</testsuite> <!-- corporatesite.testcases.TC07VerifyHomePageMenu -->
