<?xml version="1.0" encoding="UTF-8"?>
<!-- Generated by org.testng.reporters.JUnitReportReporter -->
<testsuite skipped="0" hostname="Win10" name="corporatesite.testcases.TC27VerifyManageSupportSharepointPage" tests="1" failures="0" timestamp="18 Jan 2021 10:56:22 GMT" time="23.086" errors="0">
  <testcase name="verifyManagesupport_Sharepoint_TC01_TC01" time="23.086" classname="corporatesite.testcases.TC27VerifyManageSupportSharepointPage"/>
</testsuite> <!-- corporatesite.testcases.TC27VerifyManageSupportSharepointPage -->
