<?xml version="1.0" encoding="UTF-8"?>
<!-- Generated by org.testng.reporters.JUnitReportReporter -->
<testsuite skipped="0" hostname="Win10" name="corporatesite.testcases.TC43VerifyProAut_RoboticprocessautomationPage" tests="1" failures="0" timestamp="25 Jan 2021 12:37:31 GMT" time="13.321" errors="0">
  <testcase name="verifyRoboticprocessautomationPage_TC39" time="13.321" classname="corporatesite.testcases.TC43VerifyProAut_RoboticprocessautomationPage"/>
</testsuite> <!-- corporatesite.testcases.TC43VerifyProAut_RoboticprocessautomationPage -->
