<?xml version="1.0" encoding="UTF-8"?>
<!-- Generated by org.testng.reporters.JUnitReportReporter -->
<testsuite skipped="0" hostname="NGSLAPTOP58" name="corporatesite.testcases.TC29VerifyServiceEnterPriseMicrosoftSP" tests="1" failures="0" timestamp="20 Jan 2021 12:47:41 GMT" time="25.384" errors="0">
  <testcase name="verifyServiceEnterPriseMicrosoftSP_TC29" time="25.384" classname="corporatesite.testcases.TC29VerifyServiceEnterPriseMicrosoftSP"/>
</testsuite> <!-- corporatesite.testcases.TC29VerifyServiceEnterPriseMicrosoftSP -->
