<?xml version="1.0" encoding="UTF-8"?>
<!-- Generated by org.testng.reporters.JUnitReportReporter -->
<testsuite skipped="0" hostname="Win10" name="corporatesite.testcases.TC46VerifyProcessautomation_Infopath_FormvalidationOnBlank" tests="1" failures="0" timestamp="21 Jan 2021 13:32:02 GMT" time="29.698" errors="0">
  <testcase name="verifyoboticprocessautomationVldMsg_TC39" time="29.698" classname="corporatesite.testcases.TC46VerifyProcessautomation_Infopath_FormvalidationOnBlank"/>
</testsuite> <!-- corporatesite.testcases.TC46VerifyProcessautomation_Infopath_FormvalidationOnBlank -->
