<?xml version="1.0" encoding="UTF-8"?>
<!-- Generated by org.testng.reporters.JUnitReportReporter -->
<testsuite skipped="0" hostname="Win10" name="corporatesite.testcases.TC64VerifyServicesSubMenuClick" tests="1" failures="0" timestamp="27 Jan 2021 12:26:36 GMT" time="128.502" errors="0">
  <testcase name="VerifyServicesSubMenuClick" time="128.502" classname="corporatesite.testcases.TC64VerifyServicesSubMenuClick"/>
</testsuite> <!-- corporatesite.testcases.TC64VerifyServicesSubMenuClick -->
