<?xml version="1.0" encoding="UTF-8"?>
<!-- Generated by org.testng.reporters.JUnitReportReporter -->
<testsuite skipped="0" hostname="Win10" name="corporatesite.testcases.TC38VerifyManageSupportSharepointPage" tests="1" failures="0" timestamp="21 Jan 2021 10:42:17 GMT" time="72.138" errors="0">
  <testcase name="verifyManagesupport_Sharepoint_TC01_TC01" time="72.138" classname="corporatesite.testcases.TC38VerifyManageSupportSharepointPage"/>
</testsuite> <!-- corporatesite.testcases.TC38VerifyManageSupportSharepointPage -->
