<?xml version="1.0" encoding="UTF-8"?>
<!-- Generated by org.testng.reporters.JUnitReportReporter -->
<testsuite skipped="0" hostname="Win10" name="corporatesite.testcases.TC21VerifyAboutUsClickContactUs" tests="1" failures="0" timestamp="18 Jan 2021 10:19:57 GMT" time="16.671" errors="0">
  <testcase name="verifyContactUs_TC20" time="16.671" classname="corporatesite.testcases.TC21VerifyAboutUsClickContactUs"/>
</testsuite> <!-- corporatesite.testcases.TC21VerifyAboutUsClickContactUs -->
