<?xml version="1.0" encoding="UTF-8"?>
<!-- Generated by org.testng.reporters.JUnitReportReporter -->
<testsuite skipped="0" hostname="Win10" name="corporatesite.testcases.TC39ManageSupport_CloudformVldMsg" tests="1" failures="0" timestamp="25 Jan 2021 12:37:31 GMT" time="27.536" errors="0">
  <testcase name="verifyCloudformVldMsg_TC33" time="27.536" classname="corporatesite.testcases.TC39ManageSupport_CloudformVldMsg"/>
</testsuite> <!-- corporatesite.testcases.TC39ManageSupport_CloudformVldMsg -->
