<?xml version="1.0" encoding="UTF-8"?>
<!-- Generated by org.testng.reporters.JUnitReportReporter -->
<testsuite skipped="0" hostname="Win10" name="corporatesite.testcases.TC18VerifyCareerPageAccountFinance" tests="1" failures="0" timestamp="28 Jan 2021 10:22:58 GMT" time="50.453" errors="0">
  <testcase name="verifyCareerPageAccountFinance_TC18" time="50.453" classname="corporatesite.testcases.TC18VerifyCareerPageAccountFinance"/>
</testsuite> <!-- corporatesite.testcases.TC18VerifyCareerPageAccountFinance -->
