<?xml version="1.0" encoding="UTF-8"?>
<!-- Generated by org.testng.reporters.JUnitReportReporter -->
<testsuite skipped="0" hostname="Win10" name="corporatesite.testcases.TC36VerifybusinessintelligencVldMsg" tests="1" failures="0" timestamp="25 Jan 2021 06:56:35 GMT" time="96.556" errors="0">
  <testcase name="verifyVerifybusinessintelligencmVldMsg__TC24" time="96.556" classname="corporatesite.testcases.TC36VerifybusinessintelligencVldMsg"/>
</testsuite> <!-- corporatesite.testcases.TC36VerifybusinessintelligencVldMsg -->
