<?xml version="1.0" encoding="UTF-8"?>
<!-- Generated by org.testng.reporters.JUnitReportReporter -->
<testsuite skipped="0" hostname="Win10" name="corporatesite.testcases.TC30VerifyResource_NewsRoomPage" tests="1" failures="0" timestamp="18 Jan 2021 10:56:22 GMT" time="20.450" errors="0">
  <testcase name="verifyNewsRoom_TC01" time="20.450" classname="corporatesite.testcases.TC30VerifyResource_NewsRoomPage"/>
</testsuite> <!-- corporatesite.testcases.TC30VerifyResource_NewsRoomPage -->
