<?xml version="1.0" encoding="UTF-8"?>
<!-- Generated by org.testng.reporters.JUnitReportReporter -->
<testsuite skipped="0" hostname="Win10" name="corporatesite.testcases.TC28VerifyResource_WhitepaperPage" tests="1" failures="0" timestamp="18 Jan 2021 10:56:22 GMT" time="8.612" errors="0">
  <testcase name="verifyWhitepage_TC01" time="8.612" classname="corporatesite.testcases.TC28VerifyResource_WhitepaperPage"/>
</testsuite> <!-- corporatesite.testcases.TC28VerifyResource_WhitepaperPage -->
