<?xml version="1.0" encoding="UTF-8"?>
<!-- Generated by org.testng.reporters.JUnitReportReporter -->
<testsuite skipped="0" hostname="Win10" name="corporatesite.testcases.TC39VerfiyManagesupport_cloudForm" tests="1" failures="0" timestamp="25 Jan 2021 12:37:31 GMT" time="41.721" errors="0">
  <testcase name="verifyContactUs_TC35" time="41.721" classname="corporatesite.testcases.TC39VerfiyManagesupport_cloudForm"/>
</testsuite> <!-- corporatesite.testcases.TC39VerfiyManagesupport_cloudForm -->
