<?xml version="1.0" encoding="UTF-8"?>
<!-- Generated by org.testng.reporters.JUnitReportReporter -->
<testsuite skipped="0" hostname="Win10" name="corporatesite.testcases.TC37VerifyManageSupportPage" tests="1" failures="0" timestamp="25 Jan 2021 05:59:47 GMT" time="21.258" errors="0">
  <testcase name="verifyManagesupportPage_TC01" time="21.258" classname="corporatesite.testcases.TC37VerifyManageSupportPage"/>
</testsuite> <!-- corporatesite.testcases.TC37VerifyManageSupportPage -->
