<?xml version="1.0" encoding="UTF-8"?>
<!-- Generated by org.testng.reporters.JUnitReportReporter -->
<testsuite skipped="0" hostname="Win10" name="corporatesite.testcases.TC48VerifyResource_WhitepaperPage" tests="1" failures="0" timestamp="24 Jan 2021 06:25:54 GMT" time="7.399" errors="0">
  <testcase name="verifyWhitepage_TC01" time="7.399" classname="corporatesite.testcases.TC48VerifyResource_WhitepaperPage"/>
</testsuite> <!-- corporatesite.testcases.TC48VerifyResource_WhitepaperPage -->
