<?xml version="1.0" encoding="UTF-8"?>
<!-- Generated by org.testng.reporters.JUnitReportReporter -->
<testsuite skipped="0" hostname="Win10" name="corporatesite.testcases.Mobiletc02" tests="1" failures="0" timestamp="20 Jan 2021 12:03:05 GMT" time="18.782" errors="0">
  <testcase name="verifyContactUs_TC20" time="18.782" classname="corporatesite.testcases.Mobiletc02"/>
</testsuite> <!-- corporatesite.testcases.Mobiletc02 -->
