<?xml version="1.0" encoding="UTF-8"?>
<!-- Generated by org.testng.reporters.JUnitReportReporter -->
<testsuite skipped="0" hostname="Win10" name="corporatesite.testcases.Mobiletc01" tests="1" failures="0" timestamp="25 Jan 2021 11:46:29 GMT" time="52.597" errors="0">
  <testcase name="verifyboutUSClickMenu_TC20" time="52.597" classname="corporatesite.testcases.Mobiletc01"/>
</testsuite> <!-- corporatesite.testcases.Mobiletc01 -->
