<?xml version="1.0" encoding="UTF-8"?>
<!-- Generated by org.testng.reporters.JUnitReportReporter -->
<testsuite skipped="0" hostname="Win10" name="corporatesite.testcases.TC52VerifySocialNetworkingLinks" tests="2" failures="0" timestamp="27 Jan 2021 06:13:09 GMT" time="87.020" errors="0">
  <testcase name="VerifySocialNetworkingLinks" time="0.078" classname="corporatesite.testcases.TC52VerifySocialNetworkingLinks"/>
  <testcase name="VerifySocialNetworkingLinks" time="86.942" classname="corporatesite.testcases.TC52VerifySocialNetworkingLinks"/>
</testsuite> <!-- corporatesite.testcases.TC52VerifySocialNetworkingLinks -->
