<?xml version="1.0" encoding="UTF-8"?>
<!-- Generated by org.testng.reporters.JUnitReportReporter -->
<testsuite skipped="0" hostname="Win10" name="corporatesite.testcases.TC37VerfiyManagesupport_DatabaseForm" tests="1" failures="0" timestamp="21 Jan 2021 09:12:32 GMT" time="47.042" errors="0">
  <testcase name="verifyManageSupport_Databaseform_TC39" time="47.042" classname="corporatesite.testcases.TC37VerfiyManagesupport_DatabaseForm"/>
</testsuite> <!-- corporatesite.testcases.TC37VerfiyManagesupport_DatabaseForm -->
