<?xml version="1.0" encoding="UTF-8"?>
<!-- Generated by org.testng.reporters.JUnitReportReporter -->
<testsuite skipped="0" hostname="Win10" name="corporatesite.testcases.TC14VerifyHomePageContactUsFormOnSubmit" tests="1" failures="0" timestamp="27 Jan 2021 08:30:23 GMT" time="85.800" errors="0">
  <testcase name="verifyHomePageContactUsFormOnSubmit_TC14" time="85.800" classname="corporatesite.testcases.TC14VerifyHomePageContactUsFormOnSubmit"/>
</testsuite> <!-- corporatesite.testcases.TC14VerifyHomePageContactUsFormOnSubmit -->
