<?xml version="1.0" encoding="UTF-8"?>
<!-- Generated by org.testng.reporters.JUnitReportReporter -->
<testsuite skipped="0" hostname="Win10" name="corporatesite.testcases.TC40VerfiyManagesupport_DatabaseFieldVld" tests="1" failures="0" timestamp="16 Jan 2021 12:15:09 GMT" time="57.201" errors="0">
  <testcase name="verifyContactUs_TC39" time="57.201" classname="corporatesite.testcases.TC40VerfiyManagesupport_DatabaseFieldVld"/>
</testsuite> <!-- corporatesite.testcases.TC40VerfiyManagesupport_DatabaseFieldVld -->
