<?xml version="1.0" encoding="UTF-8"?>
<!-- Generated by org.testng.reporters.JUnitReportReporter -->
<testsuite skipped="0" hostname="Win10" name="corporatesite.testcases.TC39VerfiyManagesupport_DatabaseForm" tests="1" failures="0" timestamp="16 Jan 2021 12:15:09 GMT" time="40.906" errors="0">
  <testcase name="verifyManageSupport_Databaseform_TC39" time="40.906" classname="corporatesite.testcases.TC39VerfiyManagesupport_DatabaseForm"/>
</testsuite> <!-- corporatesite.testcases.TC39VerfiyManagesupport_DatabaseForm -->
