<?xml version="1.0" encoding="UTF-8"?>
<!-- Generated by org.testng.reporters.JUnitReportReporter -->
<testsuite skipped="0" hostname="NGSLAPTOP58" name="corporatesite.testcases.TC23VerifyServiceEnterPriseDynamicFormVld" tests="1" failures="0" timestamp="20 Jan 2021 12:47:41 GMT" time="72.889" errors="0">
  <testcase name="verifyServiceEnterPriseDynamicFormVld_TC23" time="72.889" classname="corporatesite.testcases.TC23VerifyServiceEnterPriseDynamicFormVld"/>
</testsuite> <!-- corporatesite.testcases.TC23VerifyServiceEnterPriseDynamicFormVld -->
