<?xml version="1.0" encoding="UTF-8"?>
<!-- Generated by org.testng.reporters.JUnitReportReporter -->
<testsuite skipped="0" hostname="Win10" name="corporatesite.testcases.TC22VerifyAboutUsClickSubmenu" tests="1" failures="0" timestamp="18 Jan 2021 10:19:57 GMT" time="71.914" errors="0">
  <testcase name="verifyAboutUS_Submenus_TC20" time="71.914" classname="corporatesite.testcases.TC22VerifyAboutUsClickSubmenu"/>
</testsuite> <!-- corporatesite.testcases.TC22VerifyAboutUsClickSubmenu -->
