<?xml version="1.0" encoding="UTF-8"?>
<!-- Generated by org.testng.reporters.JUnitReportReporter -->
<testsuite skipped="0" hostname="Win10" name="corporatesite.testcases.TC43VerifyProAut_RoboticprocessautomationVldMsg" tests="1" failures="0" timestamp="25 Jan 2021 12:37:31 GMT" time="29.592" errors="0">
  <testcase name="verifyoboticprocessautomationVldMsg_TC39" time="29.592" classname="corporatesite.testcases.TC43VerifyProAut_RoboticprocessautomationVldMsg"/>
</testsuite> <!-- corporatesite.testcases.TC43VerifyProAut_RoboticprocessautomationVldMsg -->
