<?xml version="1.0" encoding="UTF-8"?>
<!-- Generated by org.testng.reporters.JUnitReportReporter -->
<testsuite skipped="0" hostname="Win10" name="corporatesite.testcases.TC12VerifyHomePageCaseStudieDownloadFormSubmit" tests="1" failures="0" timestamp="27 Jan 2021 08:30:23 GMT" time="50.597" errors="0">
  <testcase name="verifyHomePageCaseStudieDownloadFormSubmit_TC12" time="50.597" classname="corporatesite.testcases.TC12VerifyHomePageCaseStudieDownloadFormSubmit"/>
</testsuite> <!-- corporatesite.testcases.TC12VerifyHomePageCaseStudieDownloadFormSubmit -->
