<?xml version="1.0" encoding="UTF-8"?>
<!-- Generated by org.testng.reporters.JUnitReportReporter -->
<testsuite skipped="0" hostname="Win10" name="corporatesite.testcases.TC20VerifyAboutUSClickMenu" tests="1" failures="0" timestamp="18 Jan 2021 10:19:57 GMT" time="21.858" errors="0">
  <testcase name="verifyboutUSClickMenu_TC20" time="21.858" classname="corporatesite.testcases.TC20VerifyAboutUSClickMenu"/>
</testsuite> <!-- corporatesite.testcases.TC20VerifyAboutUSClickMenu -->
