<?xml version="1.0" encoding="UTF-8"?>
<!-- Generated by org.testng.reporters.JUnitReportReporter -->
<testsuite skipped="0" hostname="Win10" name="corporatesite.testcases.TC38VerfiyManageSupport_SharepointForm" tests="1" failures="0" timestamp="21 Jan 2021 10:01:26 GMT" time="46.313" errors="0">
  <testcase name="verifyManagesupportform_TC38" time="46.313" classname="corporatesite.testcases.TC38VerfiyManageSupport_SharepointForm"/>
</testsuite> <!-- corporatesite.testcases.TC38VerfiyManageSupport_SharepointForm -->
