<?xml version="1.0" encoding="UTF-8"?>
<!-- Generated by org.testng.reporters.JUnitReportReporter -->
<testsuite skipped="0" hostname="Win10" name="corporatesite.testcases.TC51VerifyWorkingDaysTime" tests="2" failures="0" timestamp="27 Jan 2021 06:13:09 GMT" time="7.491" errors="0">
  <testcase name="VerifyWorkingDaysTime" time="7.384" classname="corporatesite.testcases.TC51VerifyWorkingDaysTime"/>
  <testcase name="VerifyWorkingDaysTime" time="0.107" classname="corporatesite.testcases.TC51VerifyWorkingDaysTime"/>
</testsuite> <!-- corporatesite.testcases.TC51VerifyWorkingDaysTime -->
