<?xml version="1.0" encoding="UTF-8"?>
<!-- Generated by org.testng.reporters.JUnitReportReporter -->
<testsuite skipped="0" hostname="Win10" name="corporatesite.testcases.TC27VerifyManageSupport_SharepointVldMsg" tests="1" failures="0" timestamp="18 Jan 2021 10:56:22 GMT" time="27.259" errors="0">
  <testcase name="verifyManagesupportPage_TC01" time="27.259" classname="corporatesite.testcases.TC27VerifyManageSupport_SharepointVldMsg"/>
</testsuite> <!-- corporatesite.testcases.TC27VerifyManageSupport_SharepointVldMsg -->
