<?xml version="1.0" encoding="UTF-8"?>
<!-- Generated by org.testng.reporters.JUnitReportReporter -->
<testsuite skipped="0" hostname="NGSLAPTOP58" name="corporatesite.testcases.TC22VerifyServiceEnterPriseDynamicVideo" tests="1" failures="0" timestamp="20 Jan 2021 12:47:41 GMT" time="5.046" errors="0">
  <testcase name="verifyServiceEnterPriseDynamicVideo_TC22" time="5.046" classname="corporatesite.testcases.TC22VerifyServiceEnterPriseDynamicVideo"/>
</testsuite> <!-- corporatesite.testcases.TC22VerifyServiceEnterPriseDynamicVideo -->
