<?xml version="1.0" encoding="UTF-8"?>
<!-- Generated by org.testng.reporters.JUnitReportReporter -->
<testsuite skipped="0" hostname="Win10" name="corporatesite.testcases.TC15VerifyCareerPage" tests="1" failures="0" timestamp="28 Jan 2021 10:22:58 GMT" time="16.591" errors="0">
  <testcase name="verifyCareerPage_TC15" time="16.591" classname="corporatesite.testcases.TC15VerifyCareerPage"/>
</testsuite> <!-- corporatesite.testcases.TC15VerifyCareerPage -->
