<?xml version="1.0" encoding="UTF-8"?>
<!-- Generated by org.testng.reporters.JUnitReportReporter -->
<testsuite skipped="0" hostname="Win10" name="corporatesite.testcases.mobiletctctC03" tests="1" failures="0" timestamp="20 Jan 2021 12:03:05 GMT" time="16.450" errors="0">
  <testcase name="verifyAboutUS_Submenus_TC20" time="16.450" classname="corporatesite.testcases.mobiletctctC03"/>
</testsuite> <!-- corporatesite.testcases.mobiletctctC03 -->
