<?xml version="1.0" encoding="UTF-8"?>
<!-- Generated by org.testng.reporters.JUnitReportReporter -->
<testsuite skipped="0" hostname="Win10" name="corporatesite.testcases.tc05Mobilemanagesuppor" tests="1" failures="0" timestamp="20 Jan 2021 12:03:05 GMT" time="152.709" errors="0">
  <testcase name="verifyMnagesupport_TC21" time="152.709" classname="corporatesite.testcases.tc05Mobilemanagesuppor"/>
</testsuite> <!-- corporatesite.testcases.tc05Mobilemanagesuppor -->
