<?xml version="1.0" encoding="UTF-8"?>
<!-- Generated by org.testng.reporters.JUnitReportReporter -->
<testsuite skipped="0" hostname="Win10" name="corporatesite.testcases.TC03VerfiyContactUsForm" tests="1" failures="0" timestamp="27 Jan 2021 08:30:23 GMT" time="45.735" errors="0">
  <testcase name="verifyContactUSForm_TC03" time="45.735" classname="corporatesite.testcases.TC03VerfiyContactUsForm"/>
</testsuite> <!-- corporatesite.testcases.TC03VerfiyContactUsForm -->
