<?xml version="1.0" encoding="UTF-8"?>
<!-- Generated by org.testng.reporters.JUnitReportReporter -->
<testsuite skipped="0" hostname="Win10" name="corporatesite.testcases.TC04VerifyContactUsStaticFields" tests="1" failures="0" timestamp="27 Jan 2021 08:30:23 GMT" time="54.050" errors="0">
  <testcase name="verifyContactUsStaticFields_TC04" time="54.050" classname="corporatesite.testcases.TC04VerifyContactUsStaticFields"/>
</testsuite> <!-- corporatesite.testcases.TC04VerifyContactUsStaticFields -->
