<?xml version="1.0" encoding="UTF-8"?>
<!-- Generated by org.testng.reporters.JUnitReportReporter -->
<testsuite skipped="0" hostname="NGSLAPTOP58" name="corporatesite.testcases.TC24VerifyServiceEnterPriseDynamicForm" tests="1" failures="0" timestamp="20 Jan 2021 12:47:42 GMT" time="50.731" errors="0">
  <testcase name="verifyServiceEnterPriseDynamicForm_TC24" time="50.731" classname="corporatesite.testcases.TC24VerifyServiceEnterPriseDynamicForm"/>
</testsuite> <!-- corporatesite.testcases.TC24VerifyServiceEnterPriseDynamicForm -->
