<?xml version="1.0" encoding="UTF-8"?>
<!-- Generated by org.testng.reporters.JUnitReportReporter -->
<testsuite skipped="0" hostname="Win10" name="corporatesite.testcases.TC16VerifyCareerPageTechPositions" tests="1" failures="0" timestamp="27 Jan 2021 08:30:23 GMT" time="37.305" errors="0">
  <testcase name="verifyCareerPageTechPositions_TC16" time="37.305" classname="corporatesite.testcases.TC16VerifyCareerPageTechPositions"/>
</testsuite> <!-- corporatesite.testcases.TC16VerifyCareerPageTechPositions -->
