<?xml version="1.0" encoding="UTF-8"?>
<!-- Generated by org.testng.reporters.JUnitReportReporter -->
<testsuite skipped="0" hostname="Win10" name="corporatesite.testcases.TC62VerifyMicrosoft365ContactUs" tests="1" failures="0" timestamp="27 Jan 2021 12:04:27 GMT" time="161.791" errors="0">
  <testcase name="VerifyMicrosoft365ContactUs" time="161.791" classname="corporatesite.testcases.TC62VerifyMicrosoft365ContactUs"/>
</testsuite> <!-- corporatesite.testcases.TC62VerifyMicrosoft365ContactUs -->
