<?xml version="1.0" encoding="UTF-8"?>
<!-- Generated by org.testng.reporters.JUnitReportReporter -->
<testsuite skipped="0" hostname="Win10" name="corporatesite.testcases.TC39VerifyManagesupport_CloudPage" tests="1" failures="0" timestamp="25 Jan 2021 12:37:31 GMT" time="17.549" errors="0">
  <testcase name="verifyCloudpage_TC33" time="17.549" classname="corporatesite.testcases.TC39VerifyManagesupport_CloudPage"/>
</testsuite> <!-- corporatesite.testcases.TC39VerifyManagesupport_CloudPage -->
