<?xml version="1.0" encoding="UTF-8"?>
<!-- Generated by org.testng.reporters.JUnitReportReporter -->
<testsuite skipped="0" hostname="Win10" name="corporatesite.testcases.TC40VerifyProAut_NintexFieldVld" tests="1" failures="0" timestamp="22 Jan 2021 14:19:01 GMT" time="70.032" errors="0">
  <testcase name="verifyNintexFieldVld_TC39" time="70.032" classname="corporatesite.testcases.TC40VerifyProAut_NintexFieldVld"/>
</testsuite> <!-- corporatesite.testcases.TC40VerifyProAut_NintexFieldVld -->
