<?xml version="1.0" encoding="UTF-8"?>
<!-- Generated by org.testng.reporters.JUnitReportReporter -->
<testsuite skipped="0" hostname="NGSLAPTOP60" name="corporatesite.testcases.VerifyAmazonWebServicesContactUs" tests="2" failures="0" timestamp="15 Jan 2021 07:25:32 GMT" time="316.240" errors="0">
  <testcase name="VerifyAmazonWebServicesContactUs1" time="162.953" classname="corporatesite.testcases.VerifyAmazonWebServicesContactUs"/>
  <testcase name="VerifyAmazonWebServicesContactUs1" time="153.287" classname="corporatesite.testcases.VerifyAmazonWebServicesContactUs"/>
</testsuite> <!-- corporatesite.testcases.VerifyAmazonWebServicesContactUs -->
