<?xml version="1.0" encoding="UTF-8"?>
<!-- Generated by org.testng.reporters.JUnitReportReporter -->
<testsuite skipped="0" hostname="Win10" name="corporatesite.testcases.TC45ToverifyApplicationDevelopementPage" tests="1" failures="0" timestamp="22 Jan 2021 09:51:24 GMT" time="69.459" errors="0">
  <testcase name="verifyApplicationDevelopementPage_TC45" time="69.459" classname="corporatesite.testcases.TC45ToverifyApplicationDevelopementPage"/>
</testsuite> <!-- corporatesite.testcases.TC45ToverifyApplicationDevelopementPage -->
