<?xml version="1.0" encoding="UTF-8"?>
<!-- Generated by org.testng.reporters.JUnitReportReporter -->
<testsuite skipped="0" hostname="NGSLAPTOP58" name="corporatesite.testcases.TC34VerifyEnterPriseServiceNowForm" tests="1" failures="0" timestamp="20 Jan 2021 12:47:42 GMT" time="50.742" errors="0">
  <testcase name="verifyEnterPriseServiceNowForm_TC33" time="50.742" classname="corporatesite.testcases.TC34VerifyEnterPriseServiceNowForm"/>
</testsuite> <!-- corporatesite.testcases.TC34VerifyEnterPriseServiceNowForm -->
